<?xml version="1.0" encoding="UTF-8"?>
<testsuite xmlns:xsi="http://www.w3.org/2001/XMLSchema-instance" xsi:noNamespaceSchemaLocation="https://maven.apache.org/surefire/maven-surefire-plugin/xsd/surefire-test-report-3.0.xsd" version="3.0" name="DivinationClassTest" time="0.078" tests="4" errors="0" skipped="0" failures="0">
  <properties>
    <property name="java.specification.version" value="22"/>
    <property name="sun.cpu.isalist" value="amd64"/>
    <property name="sun.jnu.encoding" value="Cp1252"/>
    <property name="java.class.path" value="C:\Code\Java\Java_Hogwarts_Adventure\target\test-classes;C:\Code\Java\Java_Hogwarts_Adventure\target\classes;C:\Users\alexj\.m2\repository\com\googlecode\json-simple\json-simple\1.1.1\json-simple-1.1.1.jar;C:\Users\alexj\.m2\repository\junit\junit\4.13.2\junit-4.13.2.jar;C:\Users\alexj\.m2\repository\org\hamcrest\hamcrest-core\1.3\hamcrest-core-1.3.jar;"/>
    <property name="java.vm.vendor" value="Oracle Corporation"/>
    <property name="sun.arch.data.model" value="64"/>
    <property name="user.variant" value=""/>
    <property name="java.vendor.url" value="https://java.oracle.com/"/>
    <property name="user.timezone" value="America/Chicago"/>
    <property name="os.name" value="Windows 11"/>
    <property name="java.vm.specification.version" value="22"/>
    <property name="sun.java.launcher" value="SUN_STANDARD"/>
    <property name="user.country" value="US"/>
    <property name="sun.boot.library.path" value="C:\Program Files\Java\jdk-22\bin"/>
    <property name="sun.java.command" value="C:\Users\alexj\AppData\Local\Temp\surefire13654131949418316985\surefirebooter-20240823124459930_3.jar C:\Users\alexj\AppData\Local\Temp\surefire13654131949418316985 2024-08-23T12-44-59_852-jvmRun1 surefire-20240823124459930_1tmp surefire_0-20240823124459930_2tmp"/>
    <property name="jdk.debug" value="release"/>
    <property name="surefire.test.class.path" value="C:\Code\Java\Java_Hogwarts_Adventure\target\test-classes;C:\Code\Java\Java_Hogwarts_Adventure\target\classes;C:\Users\alexj\.m2\repository\com\googlecode\json-simple\json-simple\1.1.1\json-simple-1.1.1.jar;C:\Users\alexj\.m2\repository\junit\junit\4.13.2\junit-4.13.2.jar;C:\Users\alexj\.m2\repository\org\hamcrest\hamcrest-core\1.3\hamcrest-core-1.3.jar;"/>
    <property name="sun.cpu.endian" value="little"/>
    <property name="user.home" value="C:\Users\alexj"/>
    <property name="user.language" value="en"/>
    <property name="java.specification.vendor" value="Oracle Corporation"/>
    <property name="java.version.date" value="2024-07-16"/>
    <property name="java.home" value="C:\Program Files\Java\jdk-22"/>
    <property name="file.separator" value="\"/>
    <property name="basedir" value="C:\Code\Java\Java_Hogwarts_Adventure"/>
    <property name="java.vm.compressedOopsMode" value="Zero based"/>
    <property name="line.separator" value="&#10;"/>
    <property name="java.vm.specification.vendor" value="Oracle Corporation"/>
    <property name="java.specification.name" value="Java Platform API Specification"/>
    <property name="surefire.real.class.path" value="C:\Users\alexj\AppData\Local\Temp\surefire13654131949418316985\surefirebooter-20240823124459930_3.jar"/>
    <property name="user.script" value=""/>
    <property name="sun.management.compiler" value="HotSpot 64-Bit Tiered Compilers"/>
    <property name="java.runtime.version" value="22.0.2+9-70"/>
    <property name="user.name" value="alexj"/>
    <property name="stdout.encoding" value="Cp1252"/>
    <property name="path.separator" value=";"/>
    <property name="os.version" value="10.0"/>
    <property name="java.runtime.name" value="Java(TM) SE Runtime Environment"/>
    <property name="file.encoding" value="UTF-8"/>
    <property name="java.vm.name" value="Java HotSpot(TM) 64-Bit Server VM"/>
    <property name="localRepository" value="C:\Users\alexj\.m2\repository"/>
    <property name="java.vendor.url.bug" value="https://bugreport.java.com/bugreport/"/>
    <property name="java.io.tmpdir" value="C:\Users\alexj\AppData\Local\Temp\"/>
    <property name="java.version" value="22.0.2"/>
    <property name="user.dir" value="C:\Code\Java\Java_Hogwarts_Adventure"/>
    <property name="os.arch" value="amd64"/>
    <property name="java.vm.specification.name" value="Java Virtual Machine Specification"/>
    <property name="sun.os.patch.level" value=""/>
    <property name="native.encoding" value="Cp1252"/>
    <property name="java.library.path" value="C:\Program Files\Java\jdk-22\bin;C:\WINDOWS\Sun\Java\bin;C:\WINDOWS\system32;C:\WINDOWS;C:\Program Files\Common Files\Oracle\Java\javapath;C:\Program Files (x86)\Common Files\Oracle\Java\java8path;C:\Program Files (x86)\Common Files\Oracle\Java\javapath;C:\Python311\Scripts\;C:\Python311\;C:\Windows\system32;C:\Windows;C:\Windows\System32\Wbem;C:\Windows\System32\WindowsPowerShell\v1.0\;C:\Windows\System32\OpenSSH\;C:\Program Files (x86)\NVIDIA Corporation\PhysX\Common;C:\Program Files\NVIDIA Corporation\NVIDIA NvDLISR;C:\WINDOWS\system32;C:\WINDOWS;C:\WINDOWS\System32\Wbem;C:\WINDOWS\System32\WindowsPowerShell\v1.0\;C:\WINDOWS\System32\OpenSSH\;C:\ProgramData\chocolatey\bin;C:\Program Files\dotnet\;C:\Program Files\Git\cmd;C:\Users\alexj\AppData\Roaming\nvm;C:\Program Files\nodejs;C:\java\version\17\bin;C:\Users\alexj\AppData\Local\Microsoft\WindowsApps;C:\Users\alexj\AppData\Local\Programs\Microsoft VS Code\bin;C:\Users\alexj\AppData\Roaming\npm;C:\Users\alexj\AppData\Roaming\nvm;C:\Program Files\nodejs;C:\Program Files\Apache\Maven\bin;C:\Program Files\Java\jdk-22\bin;;."/>
    <property name="java.vm.info" value="mixed mode, sharing"/>
    <property name="stderr.encoding" value="Cp1252"/>
    <property name="java.vendor" value="Oracle Corporation"/>
    <property name="java.vm.version" value="22.0.2+9-70"/>
    <property name="sun.io.unicode.encoding" value="UnicodeLittle"/>
    <property name="java.class.version" value="66.0"/>
  </properties>
  <testcase name="testIncorrectClassOutput" classname="DivinationClassTest" time="0.01"/>
  <testcase name="testCorrectPotionsClass" classname="DivinationClassTest" time="0.012">
    <system-out><![CDATA[

You have chosen to attend Diviniation class. Your teacher is Professor Trelawney. This class will use your cunning stat.


Today you are given a written exam to complete. You must answer the questions correctly to pass.

Are you ready to begin (yes/no) 


Great let's get started! 


Question number 1: What kind of animal brought Harry his first letter from Hogwarts? 
That is correct! Get ready for the next question.

Question number 2: What is the ability to talk to snakes called? 
That is correct! Get ready for the next question.

Question number 3: What broke Ron's car after he flew it to Hogwarts? 
That is correct! Get ready for the next question.

Question number 4: Which Tri-wizard tournament contestant died? 
That is correct! Get ready for the next question.

Question number 5: Who died at the Ministry of Magic offices? 
That is correct! Get ready for the next question.

Question number 6: Who killed Dumbledore? 
That is correct! Get ready for the next question.

Question number 7: Which deathly hollows is represented by a stick figure? 
Wrong answer. Better luck with the next question!

Congratulations! You have passed your written exam! You will gain a bonus of +1 to your cunning stat for the day.


]]></system-out>
  </testcase>
  <testcase name="testCorrectClassOutput" classname="DivinationClassTest" time="0.0"/>
  <testcase name="skipClass" classname="DivinationClassTest" time="0.0"/>
</testsuite>